<html>
<head>
<title>TestNG:  Test</title>
<link href="../testng.css" rel="stylesheet" type="text/css" />
<link href="../my-testng.css" rel="stylesheet" type="text/css" />

<style type="text/css">
.log { display: none;} 
.stack-trace { display: none;} 
</style>
<script type="text/javascript">
<!--
function flip(e) {
  current = e.style.display;
  if (current == 'block') {
    e.style.display = 'none';
    return 0;
  }
  else {
    e.style.display = 'block';
    return 1;
  }
}

function toggleBox(szDivId, elem, msg1, msg2)
{
  var res = -1;  if (document.getElementById) {
    res = flip(document.getElementById(szDivId));
  }
  else if (document.all) {
    // this is the way old msie versions work
    res = flip(document.all[szDivId]);
  }
  if(elem) {
    if(res == 0) elem.innerHTML = msg1; else elem.innerHTML = msg2;
  }

}

function toggleAllBoxes() {
  if (document.getElementsByTagName) {
    d = document.getElementsByTagName('div');
    for (i = 0; i < d.length; i++) {
      if (d[i].className == 'log') {
        flip(d[i]);
      }
    }
  }
}

// -->
</script>

</head>
<body>
<h2 align='center'>Test</h2><table border='1' align="center">
<tr>
<td>Tests passed/Failed/Skipped:</td><td>26/1/3</td>
</tr><tr>
<td>Started on:</td><td>Tue Jul 18 17:27:02 IST 2023</td>
</tr>
<tr><td>Total time:</td><td>0 seconds (199 ms)</td>
</tr><tr>
<td>Included groups:</td><td></td>
</tr><tr>
<td>Excluded groups:</td><td></td>
</tr>
</table><p/>
<small><i>(Hover the method name to see the test class name)</i></small><p/>
<table width='100%' border='1' class='invocation-failed'>
<tr><td colspan='4' align='center'><b>FAILED TESTS</b></td></tr>
<tr><td><b>Test method</b></td>
<td><b>Attribute(s)</b></td>
<td width="30%"><b>Exception</b></td>
<td width="10%"><b>Time (seconds)</b></td>
<td><b>Instance</b></td>
</tr>
<tr>
<td title='com.testng.Demo4_depandencey.loginpageTest()'><b>loginpageTest</b><br>Test class: com.testng.Demo4_depandencey</td>
<td><div><pre>java.lang.ArithmeticException: / by zero
	at com.testng.Demo4_depandencey.loginpageTest(Demo4_depandencey.java:11)
	at java.base/java.util.ArrayList.forEach(ArrayList.java:1511)
... Removed 25 stack frames</pre></div><a href='#' onClick='toggleBox("stack-trace702061917", this, "Click to show all stack frames", "Click to hide stack frames")'>Click to show all stack frames</a>
<div class='stack-trace' id='stack-trace702061917'><pre>java.lang.ArithmeticException: / by zero
	at com.testng.Demo4_depandencey.loginpageTest(Demo4_depandencey.java:11)
	at java.base/jdk.internal.reflect.DirectMethodHandleAccessor.invoke(DirectMethodHandleAccessor.java:104)
	at java.base/java.lang.reflect.Method.invoke(Method.java:578)
	at org.testng.internal.invokers.MethodInvocationHelper.invokeMethod(MethodInvocationHelper.java:139)
	at org.testng.internal.invokers.TestInvoker.invokeMethod(TestInvoker.java:664)
	at org.testng.internal.invokers.TestInvoker.invokeTestMethod(TestInvoker.java:227)
	at org.testng.internal.invokers.MethodRunner.runInSequence(MethodRunner.java:50)
	at org.testng.internal.invokers.TestInvoker$MethodInvocationAgent.invoke(TestInvoker.java:957)
	at org.testng.internal.invokers.TestInvoker.invokeTestMethods(TestInvoker.java:200)
	at org.testng.internal.invokers.TestMethodWorker.invokeTestMethods(TestMethodWorker.java:148)
	at org.testng.internal.invokers.TestMethodWorker.run(TestMethodWorker.java:128)
	at java.base/java.util.ArrayList.forEach(ArrayList.java:1511)
	at org.testng.TestRunner.privateRun(TestRunner.java:848)
	at org.testng.TestRunner.run(TestRunner.java:621)
	at org.testng.SuiteRunner.runTest(SuiteRunner.java:443)
	at org.testng.SuiteRunner.runSequentially(SuiteRunner.java:437)
	at org.testng.SuiteRunner.privateRun(SuiteRunner.java:397)
	at org.testng.SuiteRunner.run(SuiteRunner.java:336)
	at org.testng.SuiteRunnerWorker.runSuite(SuiteRunnerWorker.java:52)
	at org.testng.SuiteRunnerWorker.run(SuiteRunnerWorker.java:95)
	at org.testng.TestNG.runSuitesSequentially(TestNG.java:1280)
	at org.testng.TestNG.runSuitesLocally(TestNG.java:1200)
	at org.testng.TestNG.runSuites(TestNG.java:1114)
	at org.testng.TestNG.run(TestNG.java:1082)
	at org.testng.remote.AbstractRemoteTestNG.run(AbstractRemoteTestNG.java:115)
	at org.testng.remote.RemoteTestNG.initAndRun(RemoteTestNG.java:251)
	at org.testng.remote.RemoteTestNG.main(RemoteTestNG.java:77)
</pre></div></td>
<td>0</td>
<td>com.testng.Demo4_depandencey@292b08d6</td></tr>
</table><p>
<table width='100%' border='1' class='invocation-passed'>
<tr><td colspan='4' align='center'><b>PASSED TESTS</b></td></tr>
<tr><td><b>Test method</b></td>
<td><b>Attribute(s)</b></td>
<td width="30%"><b>Exception</b></td>
<td width="10%"><b>Time (seconds)</b></td>
<td><b>Instance</b></td>
</tr>
<tr>
<td title='com.testng.Demo3_Groupping.logoutButtonTest()'><b>logoutButtonTest</b><br>Test class: com.testng.Demo3_Groupping</td>
<td></td>
<td>0</td>
<td>com.testng.Demo3_Groupping@408d971b</td></tr>
<tr>
<td title='com.testng.Demo3_Groupping.SearchTest()'><b>SearchTest</b><br>Test class: com.testng.Demo3_Groupping</td>
<td></td>
<td>0</td>
<td>com.testng.Demo3_Groupping@408d971b</td></tr>
<tr>
<td title='com.testng.Demo5_invocation_ount.Test1()'><b>Test1</b><br>Test class: com.testng.Demo5_invocation_ount</td>
<td></td>
<td>0</td>
<td>com.testng.Demo5_invocation_ount@557caf28</td></tr>
<tr>
<td title='com.testng.Demo7_exceptedException.demoTest()'><b>demoTest</b><br>Test class: com.testng.Demo7_exceptedException</td>
<td><div><pre>java.lang.NumberFormatException: For input string: &quot;100A&quot;
	at java.base/java.lang.NumberFormatException.forInputString(NumberFormatException.java:67)
	at java.base/java.lang.Integer.parseInt(Integer.java:665)
	at java.base/java.lang.Integer.parseInt(Integer.java:781)
	at com.testng.Demo7_exceptedException.demoTest(Demo7_exceptedException.java:12)
	at java.base/java.util.ArrayList.forEach(ArrayList.java:1511)
... Removed 25 stack frames</pre></div><a href='#' onClick='toggleBox("stack-trace2125062626", this, "Click to show all stack frames", "Click to hide stack frames")'>Click to show all stack frames</a>
<div class='stack-trace' id='stack-trace2125062626'><pre>java.lang.NumberFormatException: For input string: &quot;100A&quot;
	at java.base/java.lang.NumberFormatException.forInputString(NumberFormatException.java:67)
	at java.base/java.lang.Integer.parseInt(Integer.java:665)
	at java.base/java.lang.Integer.parseInt(Integer.java:781)
	at com.testng.Demo7_exceptedException.demoTest(Demo7_exceptedException.java:12)
	at java.base/jdk.internal.reflect.DirectMethodHandleAccessor.invoke(DirectMethodHandleAccessor.java:104)
	at java.base/java.lang.reflect.Method.invoke(Method.java:578)
	at org.testng.internal.invokers.MethodInvocationHelper.invokeMethod(MethodInvocationHelper.java:139)
	at org.testng.internal.invokers.TestInvoker.invokeMethod(TestInvoker.java:664)
	at org.testng.internal.invokers.TestInvoker.invokeTestMethod(TestInvoker.java:227)
	at org.testng.internal.invokers.MethodRunner.runInSequence(MethodRunner.java:50)
	at org.testng.internal.invokers.TestInvoker$MethodInvocationAgent.invoke(TestInvoker.java:957)
	at org.testng.internal.invokers.TestInvoker.invokeTestMethods(TestInvoker.java:200)
	at org.testng.internal.invokers.TestMethodWorker.invokeTestMethods(TestMethodWorker.java:148)
	at org.testng.internal.invokers.TestMethodWorker.run(TestMethodWorker.java:128)
	at java.base/java.util.ArrayList.forEach(ArrayList.java:1511)
	at org.testng.TestRunner.privateRun(TestRunner.java:848)
	at org.testng.TestRunner.run(TestRunner.java:621)
	at org.testng.SuiteRunner.runTest(SuiteRunner.java:443)
	at org.testng.SuiteRunner.runSequentially(SuiteRunner.java:437)
	at org.testng.SuiteRunner.privateRun(SuiteRunner.java:397)
	at org.testng.SuiteRunner.run(SuiteRunner.java:336)
	at org.testng.SuiteRunnerWorker.runSuite(SuiteRunnerWorker.java:52)
	at org.testng.SuiteRunnerWorker.run(SuiteRunnerWorker.java:95)
	at org.testng.TestNG.runSuitesSequentially(TestNG.java:1280)
	at org.testng.TestNG.runSuitesLocally(TestNG.java:1200)
	at org.testng.TestNG.runSuites(TestNG.java:1114)
	at org.testng.TestNG.run(TestNG.java:1082)
	at org.testng.remote.AbstractRemoteTestNG.run(AbstractRemoteTestNG.java:115)
	at org.testng.remote.RemoteTestNG.initAndRun(RemoteTestNG.java:251)
	at org.testng.remote.RemoteTestNG.main(RemoteTestNG.java:77)
</pre></div></td>
<td>0</td>
<td>com.testng.Demo7_exceptedException@22555ebf</td></tr>
<tr>
<td title='com.testng.Demo6_Priority.f()'><b>f</b><br>Test class: com.testng.Demo6_Priority</td>
<td></td>
<td>0</td>
<td>com.testng.Demo6_Priority@3c46e67a</td></tr>
<tr>
<td title='com.testng.Demo5_invocation_ount.Test1()'><b>Test1</b><br>Test class: com.testng.Demo5_invocation_ount</td>
<td></td>
<td>0</td>
<td>com.testng.Demo5_invocation_ount@557caf28</td></tr>
<tr>
<td title='com.testng.Demo3_Groupping.Test1()'><b>Test1</b><br>Test class: com.testng.Demo3_Groupping</td>
<td></td>
<td>0</td>
<td>com.testng.Demo3_Groupping@408d971b</td></tr>
<tr>
<td title='com.testng.Demo5_invocation_ount.Test1()'><b>Test1</b><br>Test class: com.testng.Demo5_invocation_ount</td>
<td></td>
<td>0</td>
<td>com.testng.Demo5_invocation_ount@557caf28</td></tr>
<tr>
<td title='com.testng.Demo1.Test1()'><b>Test1</b><br>Test class: com.testng.Demo1</td>
<td></td>
<td>0</td>
<td>com.testng.Demo1@6c6cb480</td></tr>
<tr>
<td title='com.testng.Demo5_invocation_ount.Test1()'><b>Test1</b><br>Test class: com.testng.Demo5_invocation_ount</td>
<td></td>
<td>0</td>
<td>com.testng.Demo5_invocation_ount@557caf28</td></tr>
<tr>
<td title='com.testng.Demo6_Priority.A()'><b>A</b><br>Test class: com.testng.Demo6_Priority</td>
<td></td>
<td>0</td>
<td>com.testng.Demo6_Priority@3c46e67a</td></tr>
<tr>
<td title='com.testng.Demo5_invocation_ount.Test1()'><b>Test1</b><br>Test class: com.testng.Demo5_invocation_ount</td>
<td></td>
<td>0</td>
<td>com.testng.Demo5_invocation_ount@557caf28</td></tr>
<tr>
<td title='com.testng.Demo5_invocation_ount.Test1()'><b>Test1</b><br>Test class: com.testng.Demo5_invocation_ount</td>
<td></td>
<td>0</td>
<td>com.testng.Demo5_invocation_ount@557caf28</td></tr>
<tr>
<td title='com.testng.Demo3_Groupping.Test2()'><b>Test2</b><br>Test class: com.testng.Demo3_Groupping</td>
<td></td>
<td>0</td>
<td>com.testng.Demo3_Groupping@408d971b</td></tr>
<tr>
<td title='com.testng.Demo2_BeforeClassAndAfterClass.Test2()'><b>Test2</b><br>Test class: com.testng.Demo2_BeforeClassAndAfterClass</td>
<td></td>
<td>0</td>
<td>com.testng.Demo2_BeforeClassAndAfterClass@62379589</td></tr>
<tr>
<td title='com.testng.Demo5_invocation_ount.Test1()'><b>Test1</b><br>Test class: com.testng.Demo5_invocation_ount</td>
<td></td>
<td>0</td>
<td>com.testng.Demo5_invocation_ount@557caf28</td></tr>
<tr>
<td title='com.testng.Demo1.Test2()'><b>Test2</b><br>Test class: com.testng.Demo1</td>
<td></td>
<td>0</td>
<td>com.testng.Demo1@6c6cb480</td></tr>
<tr>
<td title='com.testng.Demo2_BeforeClassAndAfterClass.Test1()'><b>Test1</b><br>Test class: com.testng.Demo2_BeforeClassAndAfterClass</td>
<td></td>
<td>0</td>
<td>com.testng.Demo2_BeforeClassAndAfterClass@62379589</td></tr>
<tr>
<td title='com.testng.Demo6_Priority.m()'><b>m</b><br>Test class: com.testng.Demo6_Priority</td>
<td></td>
<td>0</td>
<td>com.testng.Demo6_Priority@3c46e67a</td></tr>
<tr>
<td title='com.testng.Demo5_invocation_ount.Test1()'><b>Test1</b><br>Test class: com.testng.Demo5_invocation_ount</td>
<td></td>
<td>0</td>
<td>com.testng.Demo5_invocation_ount@557caf28</td></tr>
<tr>
<td title='com.testng.Demo5_invocation_ount.Test1()'><b>Test1</b><br>Test class: com.testng.Demo5_invocation_ount</td>
<td></td>
<td>0</td>
<td>com.testng.Demo5_invocation_ount@557caf28</td></tr>
<tr>
<td title='com.testng.Demo6_Priority.X()'><b>X</b><br>Test class: com.testng.Demo6_Priority</td>
<td></td>
<td>0</td>
<td>com.testng.Demo6_Priority@3c46e67a</td></tr>
<tr>
<td title='com.testng.Demo3_Groupping.HomepageTest()'><b>HomepageTest</b><br>Test class: com.testng.Demo3_Groupping</td>
<td></td>
<td>0</td>
<td>com.testng.Demo3_Groupping@408d971b</td></tr>
<tr>
<td title='com.testng.Demo3_Groupping.Test3()'><b>Test3</b><br>Test class: com.testng.Demo3_Groupping</td>
<td></td>
<td>0</td>
<td>com.testng.Demo3_Groupping@408d971b</td></tr>
<tr>
<td title='com.testng.Demo5_invocation_ount.Test1()'><b>Test1</b><br>Test class: com.testng.Demo5_invocation_ount</td>
<td></td>
<td>0</td>
<td>com.testng.Demo5_invocation_ount@557caf28</td></tr>
<tr>
<td title='com.testng.Demo3_Groupping.loginTest()'><b>loginTest</b><br>Test class: com.testng.Demo3_Groupping</td>
<td></td>
<td>0</td>
<td>com.testng.Demo3_Groupping@408d971b</td></tr>
</table><p>
<table width='100%' border='1' class='invocation-skipped'>
<tr><td colspan='4' align='center'><b>SKIPPED TESTS</b></td></tr>
<tr><td><b>Test method</b></td>
<td><b>Attribute(s)</b></td>
<td width="30%"><b>Exception</b></td>
<td width="10%"><b>Time (seconds)</b></td>
<td><b>Instance</b></td>
</tr>
<tr>
<td title='com.testng.Demo4_depandencey.homePageTest()'><b>homePageTest</b><br>Test class: com.testng.Demo4_depandencey</td>
<td><div><pre>java.lang.Throwable: Method com.testng.Demo4_depandencey.homePageTest() on instance com.testng.Demo4_depandencey@292b08d6 depends on not successfully finished methods 
[com.testng.Demo4_depandencey.loginpageTest() on instance com.testng.Demo4_depandencey@292b08d6]
	at java.base/java.util.ArrayList.forEach(ArrayList.java:1511)
... Removed 18 stack frames</pre></div><a href='#' onClick='toggleBox("stack-trace929383713", this, "Click to show all stack frames", "Click to hide stack frames")'>Click to show all stack frames</a>
<div class='stack-trace' id='stack-trace929383713'><pre>java.lang.Throwable: Method com.testng.Demo4_depandencey.homePageTest() on instance com.testng.Demo4_depandencey@292b08d6 depends on not successfully finished methods 
[com.testng.Demo4_depandencey.loginpageTest() on instance com.testng.Demo4_depandencey@292b08d6]
	at org.testng.internal.invokers.TestInvoker.invokeTestMethods(TestInvoker.java:156)
	at org.testng.internal.invokers.TestMethodWorker.invokeTestMethods(TestMethodWorker.java:148)
	at org.testng.internal.invokers.TestMethodWorker.run(TestMethodWorker.java:128)
	at java.base/java.util.ArrayList.forEach(ArrayList.java:1511)
	at org.testng.TestRunner.privateRun(TestRunner.java:848)
	at org.testng.TestRunner.run(TestRunner.java:621)
	at org.testng.SuiteRunner.runTest(SuiteRunner.java:443)
	at org.testng.SuiteRunner.runSequentially(SuiteRunner.java:437)
	at org.testng.SuiteRunner.privateRun(SuiteRunner.java:397)
	at org.testng.SuiteRunner.run(SuiteRunner.java:336)
	at org.testng.SuiteRunnerWorker.runSuite(SuiteRunnerWorker.java:52)
	at org.testng.SuiteRunnerWorker.run(SuiteRunnerWorker.java:95)
	at org.testng.TestNG.runSuitesSequentially(TestNG.java:1280)
	at org.testng.TestNG.runSuitesLocally(TestNG.java:1200)
	at org.testng.TestNG.runSuites(TestNG.java:1114)
	at org.testng.TestNG.run(TestNG.java:1082)
	at org.testng.remote.AbstractRemoteTestNG.run(AbstractRemoteTestNG.java:115)
	at org.testng.remote.RemoteTestNG.initAndRun(RemoteTestNG.java:251)
	at org.testng.remote.RemoteTestNG.main(RemoteTestNG.java:77)
</pre></div></td>
<td>0</td>
<td>com.testng.Demo4_depandencey@292b08d6</td></tr>
<tr>
<td title='com.testng.Demo4_depandencey.logOutTest()'><b>logOutTest</b><br>Test class: com.testng.Demo4_depandencey</td>
<td><div><pre>java.lang.Throwable: Method com.testng.Demo4_depandencey.logOutTest() on instance com.testng.Demo4_depandencey@292b08d6 depends on not successfully finished methods 
[com.testng.Demo4_depandencey.loginpageTest() on instance com.testng.Demo4_depandencey@292b08d6]
	at java.base/java.util.ArrayList.forEach(ArrayList.java:1511)
... Removed 18 stack frames</pre></div><a href='#' onClick='toggleBox("stack-trace865667596", this, "Click to show all stack frames", "Click to hide stack frames")'>Click to show all stack frames</a>
<div class='stack-trace' id='stack-trace865667596'><pre>java.lang.Throwable: Method com.testng.Demo4_depandencey.logOutTest() on instance com.testng.Demo4_depandencey@292b08d6 depends on not successfully finished methods 
[com.testng.Demo4_depandencey.loginpageTest() on instance com.testng.Demo4_depandencey@292b08d6]
	at org.testng.internal.invokers.TestInvoker.invokeTestMethods(TestInvoker.java:156)
	at org.testng.internal.invokers.TestMethodWorker.invokeTestMethods(TestMethodWorker.java:148)
	at org.testng.internal.invokers.TestMethodWorker.run(TestMethodWorker.java:128)
	at java.base/java.util.ArrayList.forEach(ArrayList.java:1511)
	at org.testng.TestRunner.privateRun(TestRunner.java:848)
	at org.testng.TestRunner.run(TestRunner.java:621)
	at org.testng.SuiteRunner.runTest(SuiteRunner.java:443)
	at org.testng.SuiteRunner.runSequentially(SuiteRunner.java:437)
	at org.testng.SuiteRunner.privateRun(SuiteRunner.java:397)
	at org.testng.SuiteRunner.run(SuiteRunner.java:336)
	at org.testng.SuiteRunnerWorker.runSuite(SuiteRunnerWorker.java:52)
	at org.testng.SuiteRunnerWorker.run(SuiteRunnerWorker.java:95)
	at org.testng.TestNG.runSuitesSequentially(TestNG.java:1280)
	at org.testng.TestNG.runSuitesLocally(TestNG.java:1200)
	at org.testng.TestNG.runSuites(TestNG.java:1114)
	at org.testng.TestNG.run(TestNG.java:1082)
	at org.testng.remote.AbstractRemoteTestNG.run(AbstractRemoteTestNG.java:115)
	at org.testng.remote.RemoteTestNG.initAndRun(RemoteTestNG.java:251)
	at org.testng.remote.RemoteTestNG.main(RemoteTestNG.java:77)
</pre></div></td>
<td>0</td>
<td>com.testng.Demo4_depandencey@292b08d6</td></tr>
<tr>
<td title='com.testng.Demo4_depandencey.searchpageTest()'><b>searchpageTest</b><br>Test class: com.testng.Demo4_depandencey</td>
<td><div><pre>java.lang.Throwable: Method com.testng.Demo4_depandencey.searchpageTest() on instance com.testng.Demo4_depandencey@292b08d6 depends on not successfully finished methods 
[com.testng.Demo4_depandencey.loginpageTest() on instance com.testng.Demo4_depandencey@292b08d6]
	at java.base/java.util.ArrayList.forEach(ArrayList.java:1511)
... Removed 18 stack frames</pre></div><a href='#' onClick='toggleBox("stack-trace1354083458", this, "Click to show all stack frames", "Click to hide stack frames")'>Click to show all stack frames</a>
<div class='stack-trace' id='stack-trace1354083458'><pre>java.lang.Throwable: Method com.testng.Demo4_depandencey.searchpageTest() on instance com.testng.Demo4_depandencey@292b08d6 depends on not successfully finished methods 
[com.testng.Demo4_depandencey.loginpageTest() on instance com.testng.Demo4_depandencey@292b08d6]
	at org.testng.internal.invokers.TestInvoker.invokeTestMethods(TestInvoker.java:156)
	at org.testng.internal.invokers.TestMethodWorker.invokeTestMethods(TestMethodWorker.java:148)
	at org.testng.internal.invokers.TestMethodWorker.run(TestMethodWorker.java:128)
	at java.base/java.util.ArrayList.forEach(ArrayList.java:1511)
	at org.testng.TestRunner.privateRun(TestRunner.java:848)
	at org.testng.TestRunner.run(TestRunner.java:621)
	at org.testng.SuiteRunner.runTest(SuiteRunner.java:443)
	at org.testng.SuiteRunner.runSequentially(SuiteRunner.java:437)
	at org.testng.SuiteRunner.privateRun(SuiteRunner.java:397)
	at org.testng.SuiteRunner.run(SuiteRunner.java:336)
	at org.testng.SuiteRunnerWorker.runSuite(SuiteRunnerWorker.java:52)
	at org.testng.SuiteRunnerWorker.run(SuiteRunnerWorker.java:95)
	at org.testng.TestNG.runSuitesSequentially(TestNG.java:1280)
	at org.testng.TestNG.runSuitesLocally(TestNG.java:1200)
	at org.testng.TestNG.runSuites(TestNG.java:1114)
	at org.testng.TestNG.run(TestNG.java:1082)
	at org.testng.remote.AbstractRemoteTestNG.run(AbstractRemoteTestNG.java:115)
	at org.testng.remote.RemoteTestNG.initAndRun(RemoteTestNG.java:251)
	at org.testng.remote.RemoteTestNG.main(RemoteTestNG.java:77)
</pre></div></td>
<td>0</td>
<td>com.testng.Demo4_depandencey@292b08d6</td></tr>
</table><p>
</body>
</html>