<?xml version="1.0" encoding="UTF-8"?>
<!-- Generated by org.testng.reporters.JUnitXMLReporter -->
<testsuite ignored="0" hostname="shreeGrurdevDatta" failures="1" tests="1" name="LoginPageTest Test" time="0.029" errors="0" timestamp="2023-07-18T20:26:51 IST">
  <testcase classname="com.parameter.Parameter" name="LoginTest" time="0.0">
    <failure type="org.testng.TestNGException" message="
Method LoginTest requires 4 parameters but 3 were supplied in the @Test annotation.">
      <![CDATA[org.testng.TestNGException: 
Method LoginTest requires 4 parameters but 3 were supplied in the @Test annotation.
at java.base/java.util.ArrayList.forEach(ArrayList.java:1511)
... Removed 26 stack frames]]>
    </failure>
  </testcase> <!-- LoginTest -->
</testsuite> <!-- LoginPageTest Test -->
